<?xml version="1.0" encoding="UTF-8"?>
<!-- Generated by org.testng.reporters.JUnitReportReporter -->
<testsuite hostname="2206shubham" failures="0" tests="2" name="Testng_Advance.TC_TwoArray_001" time="44.287" errors="0" timestamp="2022-01-24T10:56:09 IST" skipped="0">
  <testcase classname="Testng_Advance.TC_TwoArray_001" name="ReadMultipleDataFromExcel" time="22.245"/>
  <system-out/>
  <testcase classname="Testng_Advance.TC_TwoArray_001" name="ReadMultipleDataFromExcel" time="22.042"/>
  <system-out/>
</testsuite> <!-- Testng_Advance.TC_TwoArray_001 -->
