<?xml version="1.0" encoding="UTF-8"?>
<!-- Generated by org.testng.reporters.JUnitReportReporter -->
<testsuite hostname="2206shubham" failures="0" tests="1" name="Testng_Advance.TC_loan_001" time="0.017" errors="0" timestamp="2022-01-28T10:54:01 IST" skipped="0">
  <testcase classname="Testng_Advance.TC_loan_001" name="modifyLoan" time="0.017"/>
  <system-out>
    <![CDATA[for modify test case]]>
  </system-out>
</testsuite> <!-- Testng_Advance.TC_loan_001 -->
