<?xml version="1.0" encoding="UTF-8"?>
<!-- Generated by org.testng.reporters.JUnitReportReporter -->
<testsuite hostname="2206shubham" failures="0" tests="3" name="testng_basics.TC_Loan_101" time="29.909" errors="0" timestamp="2022-01-24T12:18:52 IST" skipped="1">
  <testcase classname="testng_basics.TC_Loan_101" name="lenovo" time="14.969"/>
  <system-out/>
  <testcase classname="testng_basics.TC_Loan_101" name="lenovo" time="14.940"/>
  <system-out/>
  <testcase classname="testng_basics.TC_Loan_101" name="deleteLoan">
    <skipped/>
  </testcase> <!-- deleteLoan -->
  <system-out/>
</testsuite> <!-- testng_basics.TC_Loan_101 -->
