<?xml version="1.0" encoding="UTF-8"?>
<!-- Generated by org.testng.reporters.JUnitReportReporter -->
<testsuite hostname="2206shubham" failures="0" tests="1" name="testng_basics.TC_Loan_002" time="7.196" errors="0" timestamp="2022-01-24T15:34:47 IST" skipped="0">
  <testcase classname="testng_basics.TC_Loan_002" name="lenovo" time="7.196"/>
  <system-out/>
</testsuite> <!-- testng_basics.TC_Loan_002 -->
