<?xml version="1.0" encoding="UTF-8"?>
<!-- Generated by org.testng.reporters.JUnitReportReporter -->
<testsuite hostname="2206shubham" failures="0" tests="1" name="testng_basics.TC_Loan_004" time="8.130" errors="0" timestamp="2022-01-24T15:40:35 IST" skipped="0">
  <testcase classname="testng_basics.TC_Loan_004" name="deleteLoan" time="8.130"/>
  <system-out/>
</testsuite> <!-- testng_basics.TC_Loan_004 -->
