<?xml version="1.0" encoding="UTF-8"?>
<!-- Generated by org.testng.reporters.JUnitReportReporter -->
<testsuite hostname="2206shubham" failures="0" tests="1" name="Testng_Advance.ToGetMultipleData" time="0.000" errors="0" timestamp="2022-01-24T12:51:24 IST" skipped="1">
  <testcase classname="Testng_Advance.ToGetMultipleData" name="ReadMultipleDataFromExcel" time="0.000">
    <skipped/>
  </testcase> <!-- ReadMultipleDataFromExcel -->
  <system-out/>
</testsuite> <!-- Testng_Advance.ToGetMultipleData -->
