<?xml version="1.0" encoding="UTF-8"?>
<!-- Generated by org.testng.reporters.JUnitReportReporter -->
<testsuite hostname="2206shubham" failures="0" tests="1" name="testng_basics.TC_Loan_003" time="8.440" errors="0" timestamp="2022-01-24T15:40:35 IST" skipped="0">
  <testcase classname="testng_basics.TC_Loan_003" name="repayLoan" time="8.440"/>
  <system-out/>
</testsuite> <!-- testng_basics.TC_Loan_003 -->
