<?xml version="1.0" encoding="UTF-8"?>
<!-- Generated by org.testng.reporters.JUnitReportReporter -->
<testsuite hostname="2206shubham" failures="0" tests="1" name="testng_basics.TC_Loan_001" time="9.201" errors="0" timestamp="2022-01-24T15:34:47 IST" skipped="0">
  <testcase classname="testng_basics.TC_Loan_001" name="createLoan" time="9.201"/>
  <system-out/>
</testsuite> <!-- testng_basics.TC_Loan_001 -->
