<?xml version="1.0" encoding="UTF-8"?>
<!-- Generated by org.testng.reporters.JUnitReportReporter -->
<testsuite hostname="2206shubham" failures="0" tests="5" name="Testng_Advance.TC_Support_001" time="62.431" errors="0" timestamp="2022-01-24T10:26:09 IST" skipped="0">
  <testcase classname="Testng_Advance.TC_Support_001" name="createRequest" time="13.550"/>
  <system-out/>
  <testcase classname="Testng_Advance.TC_Support_001" name="createRequest" time="11.852"/>
  <system-out/>
  <testcase classname="Testng_Advance.TC_Support_001" name="createRequest" time="13.125"/>
  <system-out/>
  <testcase classname="Testng_Advance.TC_Support_001" name="createRequest" time="12.215"/>
  <system-out/>
  <testcase classname="Testng_Advance.TC_Support_001" name="createRequest" time="11.689"/>
  <system-out/>
</testsuite> <!-- Testng_Advance.TC_Support_001 -->
