<?xml version="1.0" encoding="UTF-8"?>
<!-- Generated by org.testng.reporters.JUnitReportReporter -->
<testsuite hostname="2206shubham" failures="0" tests="1" name="Testng_Advance.TC_loan_009" time="0.009" errors="0" timestamp="2022-01-28T11:14:05 IST" skipped="0">
  <testcase classname="Testng_Advance.TC_loan_009" name="modifyLoan" time="0.009"/>
  <system-out>
    <![CDATA[for modify test case]]>
  </system-out>
</testsuite> <!-- Testng_Advance.TC_loan_009 -->
